[2021-03-04T23:32:41.434] [DEBUG] cheese - login => username:admin,password:123456
[2021-03-04T23:32:41.435] [DEBUG] cheese - admin
[2021-03-04T23:32:41.446] [DEBUG] cheese - null
[2021-03-04T23:32:41.446] [DEBUG] cheese - null
[2021-03-05T09:18:41.264] [DEBUG] cheese - login => username:admin,password:123456
[2021-03-05T09:18:41.269] [DEBUG] cheese - admin
[2021-03-05T09:18:41.287] [DEBUG] cheese - null
[2021-03-05T09:18:41.288] [DEBUG] cheese - null
[2021-03-05T14:16:19.729] [DEBUG] cheese - login => username:admin,password:123456
[2021-03-05T14:16:19.729] [DEBUG] cheese - admin
[2021-03-05T14:16:19.747] [DEBUG] cheese - null
[2021-03-05T14:16:19.747] [DEBUG] cheese - null
[2021-03-05T14:17:13.557] [DEBUG] cheese - login => username:admin,password:123456
[2021-03-05T14:17:13.558] [DEBUG] cheese - admin
[2021-03-05T14:17:13.560] [DEBUG] cheese - null
[2021-03-05T14:17:13.560] [DEBUG] cheese - null
[2021-03-05T14:18:18.654] [DEBUG] cheese - login => username:admin,password:123456
[2021-03-05T14:18:18.654] [DEBUG] cheese - admin
[2021-03-05T14:18:18.657] [DEBUG] cheese - null
[2021-03-05T14:18:18.657] [DEBUG] cheese - null
[2021-03-05T14:23:00.698] [DEBUG] cheese - login => username:admin,password:123456
[2021-03-05T14:23:00.698] [DEBUG] cheese - admin
[2021-03-05T14:23:00.705] [DEBUG] cheese - null
[2021-03-05T14:23:00.705] [DEBUG] cheese - null
[2021-03-05T14:26:24.619] [DEBUG] cheese - login => username:admin,password:123456
[2021-03-05T14:26:24.620] [DEBUG] cheese - admin
[2021-03-05T14:26:24.625] [DEBUG] cheese - null
[2021-03-05T14:26:24.625] [DEBUG] cheese - null
[2021-03-05T14:31:53.109] [DEBUG] cheese - login => username:123,password:12321312
[2021-03-05T14:31:53.109] [DEBUG] cheese - 123
[2021-03-05T14:31:53.116] [DEBUG] cheese - null
[2021-03-05T14:31:53.116] [DEBUG] cheese - null
[2021-03-05T14:32:01.012] [DEBUG] cheese - login => username:admin,password:123456
[2021-03-05T14:32:01.012] [DEBUG] cheese - admin
[2021-03-05T14:32:01.014] [DEBUG] cheese - null
[2021-03-05T14:32:01.014] [DEBUG] cheese - null
[2021-03-05T14:32:40.463] [DEBUG] cheese - login => username:admin,password:123456
[2021-03-05T14:32:40.464] [DEBUG] cheese - admin
[2021-03-05T14:32:40.467] [DEBUG] cheese - null
[2021-03-05T14:32:40.467] [DEBUG] cheese - null
[2021-03-05T14:36:45.752] [DEBUG] cheese - login => username:admin,password:123456
[2021-03-05T14:36:45.753] [DEBUG] cheese - admin
[2021-03-05T14:36:45.757] [DEBUG] cheese - null
[2021-03-05T14:36:45.757] [DEBUG] cheese - null
[2021-03-05T14:39:06.313] [DEBUG] cheese - login => username:admin,password:123456
[2021-03-05T14:39:06.313] [DEBUG] cheese - admin
[2021-03-05T14:39:06.318] [DEBUG] cheese - null
[2021-03-05T14:39:06.318] [DEBUG] cheese - null
[2021-03-05T14:49:24.044] [DEBUG] cheese - login => username:123,password:212323123
[2021-03-05T14:49:24.044] [DEBUG] cheese - 123
[2021-03-05T14:49:24.050] [DEBUG] cheese - null
[2021-03-05T14:49:24.050] [DEBUG] cheese - null
[2021-03-05T14:49:57.785] [DEBUG] cheese - login => username:123,password:2132313123
[2021-03-05T14:49:57.785] [DEBUG] cheese - 123
[2021-03-05T14:49:57.787] [DEBUG] cheese - null
[2021-03-05T14:49:57.787] [DEBUG] cheese - null
[2021-03-05T14:50:10.092] [DEBUG] cheese - login => username:admin,password:123456
[2021-03-05T14:50:10.092] [DEBUG] cheese - admin
[2021-03-05T14:50:10.095] [DEBUG] cheese - null
[2021-03-05T14:50:10.095] [DEBUG] cheese - null
[2021-03-05T14:51:02.108] [DEBUG] cheese - login => username:121,password:123213231
[2021-03-05T14:51:02.108] [DEBUG] cheese - 121
[2021-03-05T14:51:02.110] [DEBUG] cheese - null
[2021-03-05T14:51:02.110] [DEBUG] cheese - null
[2021-03-05T14:51:10.439] [DEBUG] cheese - login => username:admin,password:123456
[2021-03-05T14:51:10.439] [DEBUG] cheese - admin
[2021-03-05T14:51:10.441] [DEBUG] cheese - null
[2021-03-05T14:51:10.441] [DEBUG] cheese - null
[2021-03-05T14:53:00.646] [DEBUG] cheese - login => username:admin,password:123456
[2021-03-05T14:53:00.646] [DEBUG] cheese - admin
[2021-03-05T14:53:00.648] [DEBUG] cheese - null
[2021-03-05T14:53:00.648] [DEBUG] cheese - null
[2021-03-05T14:53:32.039] [DEBUG] cheese - login => username:admin,password:123456
[2021-03-05T14:53:32.039] [DEBUG] cheese - admin
[2021-03-05T14:53:32.041] [DEBUG] cheese - null
[2021-03-05T14:53:32.041] [DEBUG] cheese - null
[2021-03-05T14:54:02.942] [DEBUG] cheese - login => username:admin,password:123456
[2021-03-05T14:54:02.942] [DEBUG] cheese - admin
[2021-03-05T14:54:02.944] [DEBUG] cheese - null
[2021-03-05T14:54:02.945] [DEBUG] cheese - null
[2021-03-05T14:54:07.781] [DEBUG] cheese - login => username:admin,password:123456
[2021-03-05T14:54:07.782] [DEBUG] cheese - admin
[2021-03-05T14:54:07.784] [DEBUG] cheese - null
[2021-03-05T14:54:07.784] [DEBUG] cheese - null
[2021-03-05T14:54:20.691] [DEBUG] cheese - login => username:admin,password:123456
[2021-03-05T14:54:20.691] [DEBUG] cheese - admin
[2021-03-05T14:54:20.693] [DEBUG] cheese - null
[2021-03-05T14:54:20.693] [DEBUG] cheese - null
[2021-03-05T14:54:41.856] [DEBUG] cheese - login => username:admin,password:123456
[2021-03-05T14:54:41.856] [DEBUG] cheese - admin
[2021-03-05T14:54:41.858] [DEBUG] cheese - null
[2021-03-05T14:54:41.858] [DEBUG] cheese - null
[2021-03-05T14:56:48.610] [DEBUG] cheese - login => username:admin,password:123456
[2021-03-05T14:56:48.610] [DEBUG] cheese - admin
[2021-03-05T14:56:48.615] [DEBUG] cheese - null
[2021-03-05T14:56:48.615] [DEBUG] cheese - null
[2021-03-05T14:57:55.789] [DEBUG] cheese - login => username:admin,password:123123
[2021-03-05T14:57:55.789] [DEBUG] cheese - admin
[2021-03-05T14:57:55.791] [DEBUG] cheese - null
[2021-03-05T14:57:55.791] [DEBUG] cheese - null
[2021-03-05T14:58:50.015] [DEBUG] cheese - login => username:admin,password:123456
[2021-03-05T14:58:50.015] [DEBUG] cheese - admin
[2021-03-05T14:58:50.018] [DEBUG] cheese - null
[2021-03-05T14:58:50.018] [DEBUG] cheese - null
[2021-03-05T14:59:19.969] [DEBUG] cheese - login => username:admin,password:123432
[2021-03-05T14:59:19.970] [DEBUG] cheese - admin
[2021-03-05T14:59:19.972] [DEBUG] cheese - null
[2021-03-05T14:59:19.972] [DEBUG] cheese - null
[2021-03-05T15:00:27.210] [DEBUG] cheese - login => username:adinf123,password:1212212
[2021-03-05T15:00:27.211] [DEBUG] cheese - adinf123
[2021-03-05T15:00:27.213] [DEBUG] cheese - null
[2021-03-05T15:00:27.213] [DEBUG] cheese - null
[2021-03-05T15:00:51.207] [DEBUG] cheese - login => username:asdsadas,password:asdasdaasd
[2021-03-05T15:00:51.207] [DEBUG] cheese - asdsadas
[2021-03-05T15:00:51.209] [DEBUG] cheese - null
[2021-03-05T15:00:51.209] [DEBUG] cheese - null
[2021-03-05T15:01:39.465] [DEBUG] cheese - login => username:admin,password:123456
[2021-03-05T15:01:39.465] [DEBUG] cheese - admin
[2021-03-05T15:01:39.468] [DEBUG] cheese - null
[2021-03-05T15:01:39.468] [DEBUG] cheese - null
[2021-03-05T15:10:31.982] [DEBUG] cheese - login => username:admin,password:123456
[2021-03-05T15:10:31.982] [DEBUG] cheese - admin
[2021-03-05T15:10:31.987] [DEBUG] cheese - null
[2021-03-05T15:10:31.988] [DEBUG] cheese - null
[2021-03-05T15:12:21.546] [DEBUG] cheese - login => username:admin,password:123456
[2021-03-05T15:12:21.546] [DEBUG] cheese - admin
[2021-03-05T15:12:21.549] [DEBUG] cheese - null
[2021-03-05T15:12:21.549] [DEBUG] cheese - null
[2021-03-05T15:12:43.381] [DEBUG] cheese - login => username:admin,password:123456
[2021-03-05T15:12:43.382] [DEBUG] cheese - admin
[2021-03-05T15:12:43.384] [DEBUG] cheese - null
[2021-03-05T15:12:43.384] [DEBUG] cheese - null
[2021-03-05T15:19:26.574] [DEBUG] cheese - login => username:admin,password:123456
[2021-03-05T15:19:26.574] [DEBUG] cheese - admin
[2021-03-05T15:19:26.581] [DEBUG] cheese - null
[2021-03-05T15:19:26.581] [DEBUG] cheese - null
[2021-03-05T15:20:19.053] [DEBUG] cheese - login => username:admin,password:123456
[2021-03-05T15:20:19.053] [DEBUG] cheese - admin
[2021-03-05T15:20:19.055] [DEBUG] cheese - null
[2021-03-05T15:20:19.055] [DEBUG] cheese - null
[2021-03-05T15:28:16.185] [DEBUG] cheese - login => username:admin,password:123456
[2021-03-05T15:28:16.185] [DEBUG] cheese - admin
[2021-03-05T15:28:16.190] [DEBUG] cheese - null
[2021-03-05T15:28:16.190] [DEBUG] cheese - null
[2021-03-05T16:18:37.745] [DEBUG] cheese - login => username:admin,password:123456
[2021-03-05T16:18:37.745] [DEBUG] cheese - admin
[2021-03-05T16:18:37.750] [DEBUG] cheese - null
[2021-03-05T16:18:37.750] [DEBUG] cheese - null
[2021-03-05T16:20:07.072] [DEBUG] cheese - login => username:admin,password:123456
[2021-03-05T16:20:07.072] [DEBUG] cheese - admin
[2021-03-05T16:20:07.074] [DEBUG] cheese - null
[2021-03-05T16:20:07.074] [DEBUG] cheese - null
[2021-03-05T19:24:15.343] [DEBUG] cheese - login => username:admin,password:123456
[2021-03-05T19:24:15.344] [DEBUG] cheese - admin
[2021-03-05T19:24:15.355] [DEBUG] cheese - null
[2021-03-05T19:24:15.356] [DEBUG] cheese - null
[2021-03-05T19:45:07.554] [DEBUG] cheese - login => username:admin,password:123456
[2021-03-05T19:45:07.554] [DEBUG] cheese - admin
[2021-03-05T19:45:07.560] [DEBUG] cheese - null
[2021-03-05T19:45:07.560] [DEBUG] cheese - null
[2021-03-05T22:30:17.380] [DEBUG] cheese - login => username:admin,password:123456
[2021-03-05T22:30:17.381] [DEBUG] cheese - admin
[2021-03-05T22:30:17.395] [DEBUG] cheese - null
[2021-03-05T22:30:17.395] [DEBUG] cheese - null
[2021-03-05T22:30:30.795] [DEBUG] cheese - login => username:admin,password:123456
[2021-03-05T22:30:30.796] [DEBUG] cheese - admin
[2021-03-05T22:30:30.798] [DEBUG] cheese - null
[2021-03-05T22:30:30.798] [DEBUG] cheese - null
[2021-03-06T09:05:29.414] [DEBUG] cheese - login => username:admin,password:123456
[2021-03-06T09:05:29.416] [DEBUG] cheese - admin
[2021-03-06T09:05:29.449] [DEBUG] cheese - null
[2021-03-06T09:05:29.449] [DEBUG] cheese - null
[2021-03-06T09:24:40.972] [DEBUG] cheese - login => username:admin,password:123456
[2021-03-06T09:24:40.972] [DEBUG] cheese - admin
[2021-03-06T09:24:40.977] [DEBUG] cheese - null
[2021-03-06T09:24:40.977] [DEBUG] cheese - null
[2021-03-06T14:17:30.174] [DEBUG] cheese - login => username:admin,password:123456
[2021-03-06T14:17:30.174] [DEBUG] cheese - admin
[2021-03-06T14:17:30.178] [DEBUG] cheese - null
[2021-03-06T14:17:30.179] [DEBUG] cheese - null
[2021-03-06T14:35:39.230] [DEBUG] cheese - login => username:admin,password:123456
[2021-03-06T14:35:39.230] [DEBUG] cheese - admin
[2021-03-06T14:35:39.236] [DEBUG] cheese - null
[2021-03-06T14:35:39.236] [DEBUG] cheese - null
[2021-03-06T14:58:46.286] [DEBUG] cheese - login => username:admin,password:123456
[2021-03-06T14:58:46.286] [DEBUG] cheese - admin
[2021-03-06T14:58:46.291] [DEBUG] cheese - null
[2021-03-06T14:58:46.291] [DEBUG] cheese - null
[2021-03-06T14:59:33.633] [DEBUG] cheese - login => username:admin,password:123456
[2021-03-06T14:59:33.633] [DEBUG] cheese - admin
[2021-03-06T14:59:33.636] [DEBUG] cheese - null
[2021-03-06T14:59:33.636] [DEBUG] cheese - null
[2021-03-06T14:59:44.631] [DEBUG] cheese - login => username:admin,password:123456
[2021-03-06T14:59:44.631] [DEBUG] cheese - admin
[2021-03-06T14:59:44.634] [DEBUG] cheese - null
[2021-03-06T14:59:44.634] [DEBUG] cheese - null
[2021-03-08T08:31:48.660] [DEBUG] cheese - login => username:admin,password:123456
[2021-03-08T08:31:48.661] [DEBUG] cheese - admin
[2021-03-08T08:31:48.677] [DEBUG] cheese - null
[2021-03-08T08:31:48.677] [DEBUG] cheese - null
[2021-03-08T08:34:30.800] [DEBUG] cheese - login => username:admin,password:123456
[2021-03-08T08:34:30.800] [DEBUG] cheese - admin
[2021-03-08T08:34:30.806] [DEBUG] cheese - null
[2021-03-08T08:34:30.806] [DEBUG] cheese - null
[2021-03-08T17:01:19.583] [DEBUG] cheese - login => username:admin,password:123456
[2021-03-08T17:01:19.584] [DEBUG] cheese - admin
[2021-03-08T17:01:19.588] [DEBUG] cheese - null
[2021-03-08T17:01:19.588] [DEBUG] cheese - null
[2021-03-09T09:22:11.802] [DEBUG] cheese - login => username:admin,password:123456
[2021-03-09T09:22:11.803] [DEBUG] cheese - admin
[2021-03-09T09:22:11.837] [DEBUG] cheese - null
[2021-03-09T09:22:11.838] [DEBUG] cheese - null
[2021-03-09T09:52:50.042] [DEBUG] cheese - null
[2021-03-09T09:55:12.312] [DEBUG] cheese - null
[2021-03-09T09:55:22.011] [DEBUG] cheese - null
[2021-03-09T09:55:28.598] [DEBUG] cheese - null
[2021-03-09T09:55:36.330] [DEBUG] cheese - null
[2021-03-09T10:03:42.274] [DEBUG] cheese - null
[2021-03-09T14:12:31.287] [DEBUG] cheese - null
[2021-03-09T14:12:37.097] [DEBUG] cheese - null
[2021-03-09T15:49:14.789] [DEBUG] cheese - login => username:admin,password:123456
[2021-03-09T15:49:14.790] [DEBUG] cheese - admin
[2021-03-09T15:49:14.792] [DEBUG] cheese - null
[2021-03-09T15:49:14.792] [DEBUG] cheese - null
[2021-03-09T16:38:23.853] [DEBUG] cheese - login => username:admin,password:123456
[2021-03-09T16:38:23.853] [DEBUG] cheese - admin
[2021-03-09T16:38:23.859] [DEBUG] cheese - null
[2021-03-09T16:38:23.859] [DEBUG] cheese - null
[2021-03-09T18:17:06.021] [DEBUG] cheese - login => username:admin,password:123456
[2021-03-09T18:17:06.022] [DEBUG] cheese - admin
[2021-03-09T18:17:06.028] [DEBUG] cheese - null
[2021-03-09T18:17:06.028] [DEBUG] cheese - null
[2021-03-09T18:17:19.005] [DEBUG] cheese - null
[2021-03-09T18:18:20.979] [DEBUG] cheese - null
[2021-03-09T18:19:30.312] [DEBUG] cheese - login => username:admin,password:123456
[2021-03-09T18:19:30.313] [DEBUG] cheese - admin
[2021-03-09T18:19:30.315] [DEBUG] cheese - null
[2021-03-09T18:19:30.316] [DEBUG] cheese - null
[2021-03-09T19:59:30.182] [DEBUG] cheese - login => username:admin,password:123456
[2021-03-09T19:59:30.182] [DEBUG] cheese - admin
[2021-03-09T19:59:30.185] [DEBUG] cheese - null
[2021-03-09T19:59:30.185] [DEBUG] cheese - null
